Read Time:           22.03527
Graph has 61578415 nodes and 1468364884 directed edges for degree: 23
Trial Time:          121.94467
Trial Time:          147.61967
Trial Time:          150.39976
Trial Time:          150.64518
Trial Time:          149.72672
Trial Time:          152.55276
Trial Time:          150.82097
Trial Time:          152.42236
Trial Time:          152.45711
Trial Time:          65.08655
Trial Time:          18.67354
Trial Time:          17.51953
Trial Time:          16.69431
Trial Time:          18.50589
Trial Time:          16.91046
Trial Time:          17.04614
Trial Time:          18.90830
Trial Time:          17.47773
Trial Time:          17.76969
Trial Time:          18.57283
Average Time:        78.58771
pid: 4985
execution time 1593.86 (s)
