Read Time:           22.40674
Graph has 61578415 nodes and 1468364884 directed edges for degree: 23
Trial Time:          24.15653
Trial Time:          16.47472
Trial Time:          15.59841
Trial Time:          16.05495
Trial Time:          17.27229
Trial Time:          17.26103
Trial Time:          16.05768
Trial Time:          15.67415
Trial Time:          15.81059
Trial Time:          17.47602
Trial Time:          16.64760
Trial Time:          16.44214
Trial Time:          17.36980
Trial Time:          15.53381
Trial Time:          15.70891
Trial Time:          16.64252
Trial Time:          18.60370
Trial Time:          15.77258
Trial Time:          15.65228
Trial Time:          16.99180
Average Time:        16.86008
pid: 8238
execution time 359.68 (s)
