Read Time:           21.94826
Graph has 61578415 nodes and 1468364884 directed edges for degree: 23
Trial Time:          115.30105
Trial Time:          147.84393
Trial Time:          151.31981
Trial Time:          151.72208
Trial Time:          148.67925
Trial Time:          150.80638
Trial Time:          149.17322
Trial Time:          149.61548
Trial Time:          145.33486
Trial Time:          152.17763
Trial Time:          150.23508
Trial Time:          150.96195
Trial Time:          149.54369
Trial Time:          151.12096
Trial Time:          145.96236
Trial Time:          149.42937
Trial Time:          151.94598
Trial Time:          151.87295
Trial Time:          151.72128
Trial Time:          151.61118
Average Time:        148.31892
pid: 10332
execution time 2988.41 (s)
