Read Time:           21.70660
Graph has 61578415 nodes and 1468364884 directed edges for degree: 23
Trial Time:          38.95242
Trial Time:          17.67687
Trial Time:          17.57603
Trial Time:          17.91848
Trial Time:          16.43411
Trial Time:          16.99058
Trial Time:          16.20900
Trial Time:          16.92232
Trial Time:          15.00851
Trial Time:          17.46927
Trial Time:          16.39204
Trial Time:          15.03704
Trial Time:          16.87093
Trial Time:          17.78296
Trial Time:          16.37858
Trial Time:          16.47104
Trial Time:          18.95143
Trial Time:          16.60046
Trial Time:          16.12632
Trial Time:          17.45460
Average Time:        17.96115
pid: 8920
execution time 381.00 (s)
