Read Time:           22.11386
Graph has 61578415 nodes and 1468364884 directed edges for degree: 23
Trial Time:          31.89369
Trial Time:          17.72800
Trial Time:          17.13970
Trial Time:          17.71212
Trial Time:          15.27472
Trial Time:          17.17961
Trial Time:          14.78835
Trial Time:          15.64185
Trial Time:          17.06383
Trial Time:          17.75444
Trial Time:          16.65149
Trial Time:          16.87097
Trial Time:          16.08677
Trial Time:          15.58198
Trial Time:          18.03058
Trial Time:          14.78340
Trial Time:          15.42185
Trial Time:          17.81911
Trial Time:          17.01486
Trial Time:          17.91897
Average Time:        17.41781
pid: 9640
execution time 370.54 (s)
