Read Time:           24.00461
Graph has 61578415 nodes and 1468364884 directed edges for degree: 23
Trial Time:          103.59834
Trial Time:          98.88413
Trial Time:          103.60627
Trial Time:          103.58765
Trial Time:          94.13654
Trial Time:          97.82376
Trial Time:          98.01011
Trial Time:          103.46707
Trial Time:          103.47029
Trial Time:          101.68514
Trial Time:          129.95041
Trial Time:          97.83925
Trial Time:          98.04013
Trial Time:          93.06129
Trial Time:          98.53899
Trial Time:          98.37502
Trial Time:          98.29978
Trial Time:          98.57069
Trial Time:          98.22582
Trial Time:          98.25903
Average Time:        100.87148
pid: 15578
execution time 2041.51 (s)
